#
# A fatal error has been detected by the Java Runtime Environment:
#
#  SIGSEGV (0xb) at pc=0x000000010b19c3ed, pid=22841, tid=24067
#
# JRE version: Java(TM) SE Runtime Environment (16.0.1+9) (build 16.0.1+9-24)
# Java VM: Java HotSpot(TM) 64-Bit Server VM (16.0.1+9-24, mixed mode, sharing, tiered, compressed oops, compressed class ptrs, g1 gc, bsd-amd64)
# Problematic frame:
# C  [libjimage.dylib+0x33ed]  _ZNK15ImageFileReader19find_location_indexEPKcPy+0x2d
#
# No core dump will be written. Core dumps have been disabled. To enable core dumping, try "ulimit -c unlimited" before starting Java again
#
# If you would like to submit a bug report, please visit:
#   https://bugreport.java.com/bugreport/crash.jsp
#

---------------  S U M M A R Y ------------

Command Line: -XX:+ShowCodeDetailsInExceptionMessages -agentlib:jdwp=transport=dt_socket,suspend=y,address=localhost:63462 -javaagent:/Users/zhangji/eclipse/java-2022-06/Eclipse.app/Contents/Eclipse/configuration/org.eclipse.osgi/207/0/.cp/lib/javaagent-shaded.jar -Dfile.encoding=UTF-8 chatbot.main.Main

Host: MacBookPro17,1 x86_64 2400 MHz, 8 cores, 16G, Darwin 20.2.0, macOS 10.16 (20C69)
Time: Tue Dec 20 01:10:07 2022 EST elapsed time: 2258.782704 seconds (0d 0h 37m 38s)

---------------  T H R E A D  ---------------

Current thread (0x00007f857904e800):  JavaThread "Signal Dispatcher" daemon [_thread_in_vm, id=24067, stack(0x000000030aac7000,0x000000030abc7000)]

Stack: [0x000000030aac7000,0x000000030abc7000],  sp=0x000000030abc53e0,  free space=1016k
Native frames: (J=compiled Java code, A=aot compiled Java code, j=interpreted, Vv=VM code, C=native code)
C  [libjimage.dylib+0x33ed]  _ZNK15ImageFileReader19find_location_indexEPKcPy+0x2d
C  [libjimage.dylib+0x38c0]  JIMAGE_FindResource+0xd0
V  [libjvm.dylib+0x2dfb0a]  _ZN19ClassPathImageEntry22open_stream_for_loaderEPKcP15ClassLoaderDataP6Thread+0x7a
V  [libjvm.dylib+0x2e389b]  _ZN11ClassLoader10load_classEP6SymbolbP6Thread+0x13b
V  [libjvm.dylib+0x9bed1b]  _ZN16SystemDictionary19load_instance_classEP6Symbol6HandleP6Thread+0x39b
V  [libjvm.dylib+0x9bd4d3]  _ZN16SystemDictionary30resolve_instance_class_or_nullEP6Symbol6HandleS2_P6Thread+0x6a3
V  [libjvm.dylib+0x9bc885]  _ZN16SystemDictionary15resolve_or_failEP6Symbol6HandleS2_bP6Thread+0x75
V  [libjvm.dylib+0x33f67b]  _ZN12ConstantPool13klass_at_implERK18constantPoolHandleibP6Thread+0x19b
V  [libjvm.dylib+0x4fdf9f]  _ZN18InterpreterRuntime4_newEP10JavaThreadP12ConstantPooli+0x6f
j  jdk.internal.misc.Signal.dispatch(I)V+25 java.base@16.0.1
v  ~StubRoutines::call_stub
V  [libjvm.dylib+0x508442]  _ZN9JavaCalls11call_helperEP9JavaValueRK12methodHandleP17JavaCallArgumentsP6Thread+0x2d2
V